<?xml version="1.0" encoding="UTF-8"?>
<!-- Generated by org.testng.reporters.JUnitReportReporter -->
<testsuite hostname="DESKTOP-VN8UOA1" failures="0" tests="2" name="com.qkart.testCase.Login_DDT_002" time="18.579" errors="0" timestamp="2024-04-27T10:24:17 IST" skipped="0">
  <testcase classname="com.qkart.testCase.Login_DDT_002" name="loginDDT" time="8.071"/>
  <testcase classname="com.qkart.testCase.Login_DDT_002" name="loginDDT" time="10.508"/>
</testsuite> <!-- com.qkart.testCase.Login_DDT_002 -->
