<?xml version="1.0" encoding="UTF-8"?>
<!-- Generated by org.testng.reporters.JUnitReportReporter -->
<testsuite hostname="DESKTOP-VN8UOA1" failures="0" tests="1" name="com.qkart.testCase.TestCase01" time="1.898" errors="0" timestamp="2024-05-01T16:20:07 IST" skipped="0">
  <testcase classname="com.qkart.testCase.TestCase01" name="loginTest" time="1.898"/>
</testsuite> <!-- com.qkart.testCase.TestCase01 -->
